<?xml version="1.0" encoding="UTF-8"?>
<Site BuildName="(empty)"
	BuildStamp="20250720-1404-Experimental"
	Name="jj-virtual-machine"
	Generator="ctest-3.22.1"
	CompilerName="/usr/bin/g++"
	CompilerVersion="11.4.0"
	OSName="Linux"
	Hostname="jj-virtual-machine"
	OSRelease="6.8.0-64-generic"
	OSVersion="#67~22.04.1-Ubuntu SMP PREEMPT_DYNAMIC Tue Jun 24 15:19:46 UTC 2"
	OSPlatform="x86_64"
	Is64Bits="1"
	VendorString="AuthenticAMD"
	VendorID="Advanced Micro Devices"
	FamilyID="23"
	ModelID="96"
	ProcessorCacheSize="512"
	NumberOfLogicalCPU="4"
	NumberOfPhysicalCPU="4"
	TotalVirtualMemory="3897"
	TotalPhysicalMemory="4870"
	LogicalProcessorsPerPhysical="1"
	ProcessorClockFrequency="1996.25"
	>
	<Testing>
		<StartDateTime>Jul 20 22:04 CST</StartDateTime>
		<StartTestTime>1753020262</StartTestTime>
		<TestList/>
		<EndDateTime>Jul 20 22:04 CST</EndDateTime>
		<EndTestTime>1753020262</EndTestTime>
		<ElapsedMinutes>0</ElapsedMinutes>
	</Testing>
</Site>
